#
# There is insufficient memory for the Java Runtime Environment to continue.
# Native memory allocation (malloc) failed to allocate 32744 bytes for ChunkPool::allocate
# Possible reasons:
#   The system is out of physical RAM or swap space
#   The process is running with CompressedOops enabled, and the Java Heap may be blocking the growth of the native heap
# Possible solutions:
#   Reduce memory load on the system
#   Increase physical memory or swap space
#   Check if swap backing store is full
#   Decrease Java heap size (-Xmx/-Xms)
#   Decrease number of Java threads
#   Decrease Java thread stack sizes (-Xss)
#   Set larger code cache with -XX:ReservedCodeCacheSize=
#   JVM is running with Unscaled Compressed Oops mode in which the Java heap is
#     placed in the first 4GB address space. The Java Heap base address is the
#     maximum limit for the native heap growth. Please use -XX:HeapBaseMinAddress
#     to set the Java Heap base and to place the Java Heap above 4GB virtual address.
# This output file may be truncated or incomplete.
#
#  Out of Memory Error (./src/hotspot/share/memory/arena.cpp:81), pid=2672, tid=21308
#
# JRE version: OpenJDK Runtime Environment (11.0.12+7) (build 11.0.12+7-b1504.28-7817840)
# Java VM: OpenJDK 64-Bit Server VM (11.0.12+7-b1504.28-7817840, mixed mode, tiered, compressed oops, g1 gc, windows-amd64)
# No core dump will be written. Minidumps are not enabled by default on client versions of Windows
#

---------------  S U M M A R Y ------------

Command Line: org.jetbrains.kotlin.cli.jvm.K2JVMCompiler @C:\Users\Turonbank\AndroidStudioProjects\Notes\app\build\20220904_3944945253377831705.compiler.options

Host: Intel(R) Core(TM) i3-10100 CPU @ 3.60GHz, 8 cores, 7G,  Windows 10 , 64 bit Build 19041 (10.0.19041.1889)
Time: Sun Sep  4 13:50:11 2022 Западная Азия (зима) elapsed time: 0.664092 seconds (0d 0h 0m 0s)

---------------  T H R E A D  ---------------

Current thread (0x000001a431e8a000):  JavaThread "C1 CompilerThread0" daemon [_thread_in_native, id=21308, stack(0x0000004ac2400000,0x0000004ac2500000)]


Current CompileTask:
C1:    664 1218   !   3       kotlin.reflect.jvm.internal.impl.metadata.ProtoBuf$Class::<init> (2853 bytes)

Stack: [0x0000004ac2400000,0x0000004ac2500000]
Native frames: (J=compiled Java code, j=interpreted, Vv=VM code, C=native code)
V  [jvm.dll+0x5fbcea]
V  [jvm.dll+0x731905]
V  [jvm.dll+0x732f1d]
V  [jvm.dll+0x7335d3]
V  [jvm.dll+0x247bf8]
V  [jvm.dll+0xc041b]
V  [jvm.dll+0xc06cc]
V  [jvm.dll+0x16d158]
V  [jvm.dll+0x16be67]
V  [jvm.dll+0x16bfcc]
V  [jvm.dll+0x16e93a]
V  [jvm.dll+0x128a5c]
V  [jvm.dll+0x128569]
V  [jvm.dll+0x1286d3]
V  [jvm.dll+0x1279e7]
V  [jvm.dll+0x1295b7]
V  [jvm.dll+0x20e0d7]
V  [jvm.dll+0x20c901]
V  [jvm.dll+0x6f9b7f]
V  [jvm.dll+0x6f26a5]
V  [jvm.dll+0x5fabf6]
C  [ucrtbase.dll+0x21bb2]
C  [KERNEL32.DLL+0x17034]
C  [ntdll.dll+0x526a1]


---------------  P R O C E S S  ---------------

Threads class SMR info:
_java_thread_list=0x000001a432984290, length=11, elements={
0x000001a417a9e000, 0x000001a431e68000, 0x000001a431e69000, 0x000001a4327f8000,
0x000001a4327f9000, 0x000001a4327fa000, 0x000001a4327fe800, 0x000001a431e8a000,
0x000001a43282c000, 0x000001a43298e800, 0x000001a43298b000
}

Java Threads: ( => current thread )
  0x000001a417a9e000 JavaThread "main" [_thread_in_Java, id=21252, stack(0x0000004ac1700000,0x0000004ac1800000)]
  0x000001a431e68000 JavaThread "Reference Handler" daemon [_thread_blocked, id=18144, stack(0x0000004ac1e00000,0x0000004ac1f00000)]
  0x000001a431e69000 JavaThread "Finalizer" daemon [_thread_blocked, id=2796, stack(0x0000004ac1f00000,0x0000004ac2000000)]
  0x000001a4327f8000 JavaThread "Signal Dispatcher" daemon [_thread_blocked, id=14048, stack(0x0000004ac2000000,0x0000004ac2100000)]
  0x000001a4327f9000 JavaThread "Attach Listener" daemon [_thread_blocked, id=14204, stack(0x0000004ac2100000,0x0000004ac2200000)]
  0x000001a4327fa000 JavaThread "Service Thread" daemon [_thread_blocked, id=7780, stack(0x0000004ac2200000,0x0000004ac2300000)]
  0x000001a4327fe800 JavaThread "C2 CompilerThread0" daemon [_thread_blocked, id=17664, stack(0x0000004ac2300000,0x0000004ac2400000)]
=>0x000001a431e8a000 JavaThread "C1 CompilerThread0" daemon [_thread_in_native, id=21308, stack(0x0000004ac2400000,0x0000004ac2500000)]
  0x000001a43282c000 JavaThread "Sweeper thread" daemon [_thread_blocked, id=20808, stack(0x0000004ac2500000,0x0000004ac2600000)]
  0x000001a43298e800 JavaThread "Common-Cleaner" daemon [_thread_blocked, id=16204, stack(0x0000004ac2700000,0x0000004ac2800000)]
  0x000001a43298b000 JavaThread "C2 CompilerThread1" daemon [_thread_blocked, id=10920, stack(0x0000004ac2800000,0x0000004ac2900000)]

Other Threads:
  0x000001a431e44800 VMThread "VM Thread" [stack: 0x0000004ac1d00000,0x0000004ac1e00000] [id=16260]
  0x000001a432986800 WatcherThread [stack: 0x0000004ac2600000,0x0000004ac2700000] [id=15396]
  0x000001a415a2d800 GCTaskThread "GC Thread#0" [stack: 0x0000004ac1800000,0x0000004ac1900000] [id=19044]
  0x000001a4330af800 GCTaskThread "GC Thread#1" [stack: 0x0000004ac2900000,0x0000004ac2a00000] [id=20748]
  0x000001a433067000 GCTaskThread "GC Thread#2" [stack: 0x0000004ac2a00000,0x0000004ac2b00000] [id=7076]
  0x000001a417ae1000 ConcurrentGCThread "G1 Main Marker" [stack: 0x0000004ac1900000,0x0000004ac1a00000] [id=21296]
  0x000001a417ae3000 ConcurrentGCThread "G1 Conc#0" [stack: 0x0000004ac1a00000,0x0000004ac1b00000] [id=18296]
  0x000001a431cb1800 ConcurrentGCThread "G1 Refine#0" [stack: 0x0000004ac1b00000,0x0000004ac1c00000] [id=17320]
  0x000001a417b79800 ConcurrentGCThread "G1 Young RemSet Sampling" [stack: 0x0000004ac1c00000,0x0000004ac1d00000] [id=11068]

Threads with active compile tasks:
C1 CompilerThread0    676 1218   !   3       kotlin.reflect.jvm.internal.impl.metadata.ProtoBuf$Class::<init> (2853 bytes)

VM state:not at safepoint (normal execution)

VM Mutex/Monitor currently owned by a thread: None

Heap address: 0x0000000081a00000, size: 2022 MB, Compressed Oops mode: 32-bit
Narrow klass base: 0x0000000000000000, Narrow klass shift: 3
Compressed class space size: 1073741824 Address: 0x0000000100000000

Heap:
 garbage-first heap   total 131072K, used 23665K [0x0000000081a00000, 0x0000000100000000)
  region size 1024K, 21 young (21504K), 3 survivors (3072K)
 Metaspace       used 15703K, capacity 15867K, committed 16000K, reserved 1062912K
  class space    used 1530K, capacity 1577K, committed 1664K, reserved 1048576K
Heap Regions: E=young(eden), S=young(survivor), O=old, HS=humongous(starts), HC=humongous(continues), CS=collection set, F=free, A=archive, TAMS=top-at-mark-start (previous, next)
|   0|0x0000000081a00000, 0x0000000081b00000, 0x0000000081b00000|100%|HS|  |TAMS 0x0000000081a00000, 0x0000000081a00000| Complete 
|   1|0x0000000081b00000, 0x0000000081c00000, 0x0000000081c00000|100%|HC|  |TAMS 0x0000000081b00000, 0x0000000081b00000| Complete 
|   2|0x0000000081c00000, 0x0000000081d00000, 0x0000000081d00000|100%|HC|  |TAMS 0x0000000081c00000, 0x0000000081c00000| Complete 
|   3|0x0000000081d00000, 0x0000000081d00000, 0x0000000081e00000|  0%| F|  |TAMS 0x0000000081d00000, 0x0000000081d00000| Untracked 
|   4|0x0000000081e00000, 0x0000000081e1c400, 0x0000000081f00000| 11%| O|  |TAMS 0x0000000081e00000, 0x0000000081e00000| Untracked 
|   5|0x0000000081f00000, 0x0000000081f00000, 0x0000000082000000|  0%| F|  |TAMS 0x0000000081f00000, 0x0000000081f00000| Untracked 
|   6|0x0000000082000000, 0x0000000082000000, 0x0000000082100000|  0%| F|  |TAMS 0x0000000082000000, 0x0000000082000000| Untracked 
|   7|0x0000000082100000, 0x0000000082100000, 0x0000000082200000|  0%| F|  |TAMS 0x0000000082100000, 0x0000000082100000| Untracked 
|   8|0x0000000082200000, 0x0000000082200000, 0x0000000082300000|  0%| F|  |TAMS 0x0000000082200000, 0x0000000082200000| Untracked 
|   9|0x0000000082300000, 0x0000000082300000, 0x0000000082400000|  0%| F|  |TAMS 0x0000000082300000, 0x0000000082300000| Untracked 
|  10|0x0000000082400000, 0x0000000082400000, 0x0000000082500000|  0%| F|  |TAMS 0x0000000082400000, 0x0000000082400000| Untracked 
|  11|0x0000000082500000, 0x0000000082500000, 0x0000000082600000|  0%| F|  |TAMS 0x0000000082500000, 0x0000000082500000| Untracked 
|  12|0x0000000082600000, 0x0000000082600000, 0x0000000082700000|  0%| F|  |TAMS 0x0000000082600000, 0x0000000082600000| Untracked 
|  13|0x0000000082700000, 0x0000000082700000, 0x0000000082800000|  0%| F|  |TAMS 0x0000000082700000, 0x0000000082700000| Untracked 
|  14|0x0000000082800000, 0x0000000082800000, 0x0000000082900000|  0%| F|  |TAMS 0x0000000082800000, 0x0000000082800000| Untracked 
|  15|0x0000000082900000, 0x0000000082900000, 0x0000000082a00000|  0%| F|  |TAMS 0x0000000082900000, 0x0000000082900000| Untracked 
|  16|0x0000000082a00000, 0x0000000082a00000, 0x0000000082b00000|  0%| F|  |TAMS 0x0000000082a00000, 0x0000000082a00000| Untracked 
|  17|0x0000000082b00000, 0x0000000082b00000, 0x0000000082c00000|  0%| F|  |TAMS 0x0000000082b00000, 0x0000000082b00000| Untracked 
|  18|0x0000000082c00000, 0x0000000082c00000, 0x0000000082d00000|  0%| F|  |TAMS 0x0000000082c00000, 0x0000000082c00000| Untracked 
|  19|0x0000000082d00000, 0x0000000082d00000, 0x0000000082e00000|  0%| F|  |TAMS 0x0000000082d00000, 0x0000000082d00000| Untracked 
|  20|0x0000000082e00000, 0x0000000082e00000, 0x0000000082f00000|  0%| F|  |TAMS 0x0000000082e00000, 0x0000000082e00000| Untracked 
|  21|0x0000000082f00000, 0x0000000082f00000, 0x0000000083000000|  0%| F|  |TAMS 0x0000000082f00000, 0x0000000082f00000| Untracked 
|  22|0x0000000083000000, 0x0000000083000000, 0x0000000083100000|  0%| F|  |TAMS 0x0000000083000000, 0x0000000083000000| Untracked 
|  23|0x0000000083100000, 0x0000000083100000, 0x0000000083200000|  0%| F|  |TAMS 0x0000000083100000, 0x0000000083100000| Untracked 
|  24|0x0000000083200000, 0x0000000083200000, 0x0000000083300000|  0%| F|  |TAMS 0x0000000083200000, 0x0000000083200000| Untracked 
|  25|0x0000000083300000, 0x0000000083300000, 0x0000000083400000|  0%| F|  |TAMS 0x0000000083300000, 0x0000000083300000| Untracked 
|  26|0x0000000083400000, 0x0000000083400000, 0x0000000083500000|  0%| F|  |TAMS 0x0000000083400000, 0x0000000083400000| Untracked 
|  27|0x0000000083500000, 0x0000000083500000, 0x0000000083600000|  0%| F|  |TAMS 0x0000000083500000, 0x0000000083500000| Untracked 
|  28|0x0000000083600000, 0x0000000083600000, 0x0000000083700000|  0%| F|  |TAMS 0x0000000083600000, 0x0000000083600000| Untracked 
|  29|0x0000000083700000, 0x0000000083700000, 0x0000000083800000|  0%| F|  |TAMS 0x0000000083700000, 0x0000000083700000| Untracked 
|  30|0x0000000083800000, 0x0000000083800000, 0x0000000083900000|  0%| F|  |TAMS 0x0000000083800000, 0x0000000083800000| Untracked 
|  31|0x0000000083900000, 0x0000000083900000, 0x0000000083a00000|  0%| F|  |TAMS 0x0000000083900000, 0x0000000083900000| Untracked 
|  32|0x0000000083a00000, 0x0000000083a00000, 0x0000000083b00000|  0%| F|  |TAMS 0x0000000083a00000, 0x0000000083a00000| Untracked 
|  33|0x0000000083b00000, 0x0000000083b00000, 0x0000000083c00000|  0%| F|  |TAMS 0x0000000083b00000, 0x0000000083b00000| Untracked 
|  34|0x0000000083c00000, 0x0000000083c00000, 0x0000000083d00000|  0%| F|  |TAMS 0x0000000083c00000, 0x0000000083c00000| Untracked 
|  35|0x0000000083d00000, 0x0000000083d00000, 0x0000000083e00000|  0%| F|  |TAMS 0x0000000083d00000, 0x0000000083d00000| Untracked 
|  36|0x0000000083e00000, 0x0000000083e00000, 0x0000000083f00000|  0%| F|  |TAMS 0x0000000083e00000, 0x0000000083e00000| Untracked 
|  37|0x0000000083f00000, 0x0000000083f00000, 0x0000000084000000|  0%| F|  |TAMS 0x0000000083f00000, 0x0000000083f00000| Untracked 
|  38|0x0000000084000000, 0x0000000084000000, 0x0000000084100000|  0%| F|  |TAMS 0x0000000084000000, 0x0000000084000000| Untracked 
|  39|0x0000000084100000, 0x0000000084100000, 0x0000000084200000|  0%| F|  |TAMS 0x0000000084100000, 0x0000000084100000| Untracked 
|  40|0x0000000084200000, 0x0000000084200000, 0x0000000084300000|  0%| F|  |TAMS 0x0000000084200000, 0x0000000084200000| Untracked 
|  41|0x0000000084300000, 0x0000000084300000, 0x0000000084400000|  0%| F|  |TAMS 0x0000000084300000, 0x0000000084300000| Untracked 
|  42|0x0000000084400000, 0x0000000084400000, 0x0000000084500000|  0%| F|  |TAMS 0x0000000084400000, 0x0000000084400000| Untracked 
|  43|0x0000000084500000, 0x0000000084500000, 0x0000000084600000|  0%| F|  |TAMS 0x0000000084500000, 0x0000000084500000| Untracked 
|  44|0x0000000084600000, 0x0000000084600000, 0x0000000084700000|  0%| F|  |TAMS 0x0000000084600000, 0x0000000084600000| Untracked 
|  45|0x0000000084700000, 0x0000000084700000, 0x0000000084800000|  0%| F|  |TAMS 0x0000000084700000, 0x0000000084700000| Untracked 
|  46|0x0000000084800000, 0x0000000084800000, 0x0000000084900000|  0%| F|  |TAMS 0x0000000084800000, 0x0000000084800000| Untracked 
|  47|0x0000000084900000, 0x0000000084900000, 0x0000000084a00000|  0%| F|  |TAMS 0x0000000084900000, 0x0000000084900000| Untracked 
|  48|0x0000000084a00000, 0x0000000084a00000, 0x0000000084b00000|  0%| F|  |TAMS 0x0000000084a00000, 0x0000000084a00000| Untracked 
|  49|0x0000000084b00000, 0x0000000084b00000, 0x0000000084c00000|  0%| F|  |TAMS 0x0000000084b00000, 0x0000000084b00000| Untracked 
|  50|0x0000000084c00000, 0x0000000084c00000, 0x0000000084d00000|  0%| F|  |TAMS 0x0000000084c00000, 0x0000000084c00000| Untracked 
|  51|0x0000000084d00000, 0x0000000084d00000, 0x0000000084e00000|  0%| F|  |TAMS 0x0000000084d00000, 0x0000000084d00000| Untracked 
|  52|0x0000000084e00000, 0x0000000084e00000, 0x0000000084f00000|  0%| F|  |TAMS 0x0000000084e00000, 0x0000000084e00000| Untracked 
|  53|0x0000000084f00000, 0x0000000084f00000, 0x0000000085000000|  0%| F|  |TAMS 0x0000000084f00000, 0x0000000084f00000| Untracked 
|  54|0x0000000085000000, 0x0000000085000000, 0x0000000085100000|  0%| F|  |TAMS 0x0000000085000000, 0x0000000085000000| Untracked 
|  55|0x0000000085100000, 0x0000000085100000, 0x0000000085200000|  0%| F|  |TAMS 0x0000000085100000, 0x0000000085100000| Untracked 
|  56|0x0000000085200000, 0x0000000085200000, 0x0000000085300000|  0%| F|  |TAMS 0x0000000085200000, 0x0000000085200000| Untracked 
|  57|0x0000000085300000, 0x0000000085300000, 0x0000000085400000|  0%| F|  |TAMS 0x0000000085300000, 0x0000000085300000| Untracked 
|  58|0x0000000085400000, 0x0000000085400000, 0x0000000085500000|  0%| F|  |TAMS 0x0000000085400000, 0x0000000085400000| Untracked 
|  59|0x0000000085500000, 0x0000000085500000, 0x0000000085600000|  0%| F|  |TAMS 0x0000000085500000, 0x0000000085500000| Untracked 
|  60|0x0000000085600000, 0x0000000085600000, 0x0000000085700000|  0%| F|  |TAMS 0x0000000085600000, 0x0000000085600000| Untracked 
|  61|0x0000000085700000, 0x0000000085700000, 0x0000000085800000|  0%| F|  |TAMS 0x0000000085700000, 0x0000000085700000| Untracked 
|  62|0x0000000085800000, 0x0000000085800000, 0x0000000085900000|  0%| F|  |TAMS 0x0000000085800000, 0x0000000085800000| Untracked 
|  63|0x0000000085900000, 0x0000000085900000, 0x0000000085a00000|  0%| F|  |TAMS 0x0000000085900000, 0x0000000085900000| Untracked 
|  64|0x0000000085a00000, 0x0000000085a00000, 0x0000000085b00000|  0%| F|  |TAMS 0x0000000085a00000, 0x0000000085a00000| Untracked 
|  65|0x0000000085b00000, 0x0000000085b00000, 0x0000000085c00000|  0%| F|  |TAMS 0x0000000085b00000, 0x0000000085b00000| Untracked 
|  66|0x0000000085c00000, 0x0000000085c00000, 0x0000000085d00000|  0%| F|  |TAMS 0x0000000085c00000, 0x0000000085c00000| Untracked 
|  67|0x0000000085d00000, 0x0000000085d00000, 0x0000000085e00000|  0%| F|  |TAMS 0x0000000085d00000, 0x0000000085d00000| Untracked 
|  68|0x0000000085e00000, 0x0000000085e00000, 0x0000000085f00000|  0%| F|  |TAMS 0x0000000085e00000, 0x0000000085e00000| Untracked 
|  69|0x0000000085f00000, 0x0000000085f00000, 0x0000000086000000|  0%| F|  |TAMS 0x0000000085f00000, 0x0000000085f00000| Untracked 
|  70|0x0000000086000000, 0x0000000086000000, 0x0000000086100000|  0%| F|  |TAMS 0x0000000086000000, 0x0000000086000000| Untracked 
|  71|0x0000000086100000, 0x0000000086100000, 0x0000000086200000|  0%| F|  |TAMS 0x0000000086100000, 0x0000000086100000| Untracked 
|  72|0x0000000086200000, 0x0000000086200000, 0x0000000086300000|  0%| F|  |TAMS 0x0000000086200000, 0x0000000086200000| Untracked 
|  73|0x0000000086300000, 0x0000000086300000, 0x0000000086400000|  0%| F|  |TAMS 0x0000000086300000, 0x0000000086300000| Untracked 
|  74|0x0000000086400000, 0x0000000086400000, 0x0000000086500000|  0%| F|  |TAMS 0x0000000086400000, 0x0000000086400000| Untracked 
|  75|0x0000000086500000, 0x0000000086500000, 0x0000000086600000|  0%| F|  |TAMS 0x0000000086500000, 0x0000000086500000| Untracked 
|  76|0x0000000086600000, 0x0000000086600000, 0x0000000086700000|  0%| F|  |TAMS 0x0000000086600000, 0x0000000086600000| Untracked 
|  77|0x0000000086700000, 0x0000000086700000, 0x0000000086800000|  0%| F|  |TAMS 0x0000000086700000, 0x0000000086700000| Untracked 
|  78|0x0000000086800000, 0x0000000086800000, 0x0000000086900000|  0%| F|  |TAMS 0x0000000086800000, 0x0000000086800000| Untracked 
|  79|0x0000000086900000, 0x0000000086900000, 0x0000000086a00000|  0%| F|  |TAMS 0x0000000086900000, 0x0000000086900000| Untracked 
|  80|0x0000000086a00000, 0x0000000086a00000, 0x0000000086b00000|  0%| F|  |TAMS 0x0000000086a00000, 0x0000000086a00000| Untracked 
|  81|0x0000000086b00000, 0x0000000086b00000, 0x0000000086c00000|  0%| F|  |TAMS 0x0000000086b00000, 0x0000000086b00000| Untracked 
|  82|0x0000000086c00000, 0x0000000086c00000, 0x0000000086d00000|  0%| F|  |TAMS 0x0000000086c00000, 0x0000000086c00000| Untracked 
|  83|0x0000000086d00000, 0x0000000086d00000, 0x0000000086e00000|  0%| F|  |TAMS 0x0000000086d00000, 0x0000000086d00000| Untracked 
|  84|0x0000000086e00000, 0x0000000086e00000, 0x0000000086f00000|  0%| F|  |TAMS 0x0000000086e00000, 0x0000000086e00000| Untracked 
|  85|0x0000000086f00000, 0x0000000086f00000, 0x0000000087000000|  0%| F|  |TAMS 0x0000000086f00000, 0x0000000086f00000| Untracked 
|  86|0x0000000087000000, 0x0000000087000000, 0x0000000087100000|  0%| F|  |TAMS 0x0000000087000000, 0x0000000087000000| Untracked 
|  87|0x0000000087100000, 0x0000000087100000, 0x0000000087200000|  0%| F|  |TAMS 0x0000000087100000, 0x0000000087100000| Untracked 
|  88|0x0000000087200000, 0x0000000087200000, 0x0000000087300000|  0%| F|  |TAMS 0x0000000087200000, 0x0000000087200000| Untracked 
|  89|0x0000000087300000, 0x0000000087300000, 0x0000000087400000|  0%| F|  |TAMS 0x0000000087300000, 0x0000000087300000| Untracked 
|  90|0x0000000087400000, 0x0000000087400000, 0x0000000087500000|  0%| F|  |TAMS 0x0000000087400000, 0x0000000087400000| Untracked 
|  91|0x0000000087500000, 0x0000000087500000, 0x0000000087600000|  0%| F|  |TAMS 0x0000000087500000, 0x0000000087500000| Untracked 
|  92|0x0000000087600000, 0x0000000087600000, 0x0000000087700000|  0%| F|  |TAMS 0x0000000087600000, 0x0000000087600000| Untracked 
|  93|0x0000000087700000, 0x0000000087700000, 0x0000000087800000|  0%| F|  |TAMS 0x0000000087700000, 0x0000000087700000| Untracked 
|  94|0x0000000087800000, 0x0000000087800000, 0x0000000087900000|  0%| F|  |TAMS 0x0000000087800000, 0x0000000087800000| Untracked 
|  95|0x0000000087900000, 0x0000000087900000, 0x0000000087a00000|  0%| F|  |TAMS 0x0000000087900000, 0x0000000087900000| Untracked 
|  96|0x0000000087a00000, 0x0000000087a00000, 0x0000000087b00000|  0%| F|  |TAMS 0x0000000087a00000, 0x0000000087a00000| Untracked 
|  97|0x0000000087b00000, 0x0000000087b00000, 0x0000000087c00000|  0%| F|  |TAMS 0x0000000087b00000, 0x0000000087b00000| Untracked 
|  98|0x0000000087c00000, 0x0000000087c00000, 0x0000000087d00000|  0%| F|  |TAMS 0x0000000087c00000, 0x0000000087c00000| Untracked 
|  99|0x0000000087d00000, 0x0000000087d00000, 0x0000000087e00000|  0%| F|  |TAMS 0x0000000087d00000, 0x0000000087d00000| Untracked 
| 100|0x0000000087e00000, 0x0000000087e00000, 0x0000000087f00000|  0%| F|  |TAMS 0x0000000087e00000, 0x0000000087e00000| Untracked 
| 101|0x0000000087f00000, 0x0000000088000000, 0x0000000088000000|100%| S|CS|TAMS 0x0000000087f00000, 0x0000000087f00000| Complete 
| 102|0x0000000088000000, 0x0000000088100000, 0x0000000088100000|100%| S|CS|TAMS 0x0000000088000000, 0x0000000088000000| Complete 
| 103|0x0000000088100000, 0x0000000088200000, 0x0000000088200000|100%| S|CS|TAMS 0x0000000088100000, 0x0000000088100000| Complete 
| 104|0x0000000088200000, 0x0000000088200000, 0x0000000088300000|  0%| F|  |TAMS 0x0000000088200000, 0x0000000088200000| Untracked 
| 105|0x0000000088300000, 0x0000000088300000, 0x0000000088400000|  0%| F|  |TAMS 0x0000000088300000, 0x0000000088300000| Untracked 
| 106|0x0000000088400000, 0x0000000088400000, 0x0000000088500000|  0%| F|  |TAMS 0x0000000088400000, 0x0000000088400000| Untracked 
| 107|0x0000000088500000, 0x0000000088500000, 0x0000000088600000|  0%| F|  |TAMS 0x0000000088500000, 0x0000000088500000| Untracked 
| 108|0x0000000088600000, 0x0000000088600000, 0x0000000088700000|  0%| F|  |TAMS 0x0000000088600000, 0x0000000088600000| Untracked 
| 109|0x0000000088700000, 0x0000000088700000, 0x0000000088800000|  0%| F|  |TAMS 0x0000000088700000, 0x0000000088700000| Untracked 
| 110|0x0000000088800000, 0x0000000088900000, 0x0000000088900000|100%| E|  |TAMS 0x0000000088800000, 0x0000000088800000| Complete 
| 111|0x0000000088900000, 0x0000000088a00000, 0x0000000088a00000|100%| E|CS|TAMS 0x0000000088900000, 0x0000000088900000| Complete 
| 112|0x0000000088a00000, 0x0000000088b00000, 0x0000000088b00000|100%| E|CS|TAMS 0x0000000088a00000, 0x0000000088a00000| Complete 
| 113|0x0000000088b00000, 0x0000000088c00000, 0x0000000088c00000|100%| E|CS|TAMS 0x0000000088b00000, 0x0000000088b00000| Complete 
| 114|0x0000000088c00000, 0x0000000088d00000, 0x0000000088d00000|100%| E|CS|TAMS 0x0000000088c00000, 0x0000000088c00000| Complete 
| 115|0x0000000088d00000, 0x0000000088e00000, 0x0000000088e00000|100%| E|CS|TAMS 0x0000000088d00000, 0x0000000088d00000| Complete 
| 116|0x0000000088e00000, 0x0000000088f00000, 0x0000000088f00000|100%| E|CS|TAMS 0x0000000088e00000, 0x0000000088e00000| Complete 
| 117|0x0000000088f00000, 0x0000000089000000, 0x0000000089000000|100%| E|CS|TAMS 0x0000000088f00000, 0x0000000088f00000| Complete 
| 118|0x0000000089000000, 0x0000000089100000, 0x0000000089100000|100%| E|CS|TAMS 0x0000000089000000, 0x0000000089000000| Complete 
| 119|0x0000000089100000, 0x0000000089200000, 0x0000000089200000|100%| E|CS|TAMS 0x0000000089100000, 0x0000000089100000| Complete 
| 120|0x0000000089200000, 0x0000000089300000, 0x0000000089300000|100%| E|CS|TAMS 0x0000000089200000, 0x0000000089200000| Complete 
| 121|0x0000000089300000, 0x0000000089400000, 0x0000000089400000|100%| E|CS|TAMS 0x0000000089300000, 0x0000000089300000| Complete 
| 122|0x0000000089400000, 0x0000000089500000, 0x0000000089500000|100%| E|CS|TAMS 0x0000000089400000, 0x0000000089400000| Complete 
| 123|0x0000000089500000, 0x0000000089600000, 0x0000000089600000|100%| E|CS|TAMS 0x0000000089500000, 0x0000000089500000| Complete 
| 124|0x0000000089600000, 0x0000000089700000, 0x0000000089700000|100%| E|CS|TAMS 0x0000000089600000, 0x0000000089600000| Complete 
| 125|0x0000000089700000, 0x0000000089800000, 0x0000000089800000|100%| E|CS|TAMS 0x0000000089700000, 0x0000000089700000| Complete 
| 126|0x0000000089800000, 0x0000000089900000, 0x0000000089900000|100%| E|CS|TAMS 0x0000000089800000, 0x0000000089800000| Complete 
| 127|0x0000000089900000, 0x0000000089a00000, 0x0000000089a00000|100%| E|CS|TAMS 0x0000000089900000, 0x0000000089900000| Complete 

Card table byte_map: [0x000001a42ace0000,0x000001a42b0e0000] _byte_map_base: 0x000001a42a8d3000

Marking Bits (Prev, Next): (CMBitMap*) 0x000001a417ad82b8, (CMBitMap*) 0x000001a417ad82f0
 Prev Bits: [0x000001a42b4e0000, 0x000001a42d478000)
 Next Bits: [0x000001a42d480000, 0x000001a42f418000)

Polling page: 0x000001a417280000

Metaspace:

Usage:
  Non-class:     14.02 MB capacity,    13.88 MB ( 99%) used,   132.53 KB ( <1%) free+waste,    13.25 KB ( <1%) overhead. 
      Class:      1.54 MB capacity,     1.50 MB ( 97%) used,    35.86 KB (  2%) free+waste,     4.31 KB ( <1%) overhead. 
       Both:     15.56 MB capacity,    15.38 MB ( 99%) used,   168.39 KB (  1%) free+waste,    17.56 KB ( <1%) overhead. 

Virtual space:
  Non-class space:       16.00 MB reserved,      14.25 MB ( 89%) committed 
      Class space:        1.00 GB reserved,       1.63 MB ( <1%) committed 
             Both:        1.02 GB reserved,      15.88 MB (  2%) committed 

Chunk freelists:
   Non-Class:  46.00 KB
       Class:  0 bytes
        Both:  46.00 KB

MaxMetaspaceSize: 17179869184.00 GB
CompressedClassSpaceSize: 1.00 GB
Initial GC threshold: 20.80 MB
Current GC threshold: 20.80 MB
CDS: off

CodeHeap 'non-profiled nmethods': size=120000Kb used=374Kb max_used=374Kb free=119625Kb
 bounds [0x000001a423080000, 0x000001a4232f0000, 0x000001a42a5b0000]
CodeHeap 'profiled nmethods': size=120000Kb used=2254Kb max_used=2254Kb free=117745Kb
 bounds [0x000001a41bb50000, 0x000001a41bdc0000, 0x000001a423080000]
CodeHeap 'non-nmethods': size=5760Kb used=1163Kb max_used=1174Kb free=4596Kb
 bounds [0x000001a41b5b0000, 0x000001a41b820000, 0x000001a41bb50000]
 total_blobs=1636 nmethods=1221 adapters=328
 compilation: enabled
              stopped_count=0, restarted_count=0
 full_count=0

Compilation events (20 events):
Event: 0.637 Thread 0x000001a431e8a000 1188       3       kotlin.reflect.jvm.internal.impl.metadata.ProtoBuf$Class::getTypeParameterCount (10 bytes)
Event: 0.637 Thread 0x000001a431e8a000 nmethod 1188 0x000001a41bd81b90 code [0x000001a41bd81d40, 0x000001a41bd81f08]
Event: 0.637 Thread 0x000001a431e8a000 1183       3       kotlin.jvm.internal.CallableReference::<init> (32 bytes)
Event: 0.637 Thread 0x000001a431e8a000 nmethod 1183 0x000001a41bd82010 code [0x000001a41bd821e0, 0x000001a41bd824b8]
Event: 0.637 Thread 0x000001a431e8a000 1213       3       java.util.AbstractCollection::addAll (42 bytes)
Event: 0.637 Thread 0x000001a431e8a000 nmethod 1213 0x000001a41bd82590 code [0x000001a41bd82780, 0x000001a41bd82c78]
Event: 0.639 Thread 0x000001a43298b000 1214  s    4       kotlin.reflect.jvm.internal.impl.protobuf.ByteString$Output::toByteString (12 bytes)
Event: 0.639 Thread 0x000001a431e8a000 1215       3       kotlin.reflect.jvm.internal.impl.serialization.deserialization.ClassDeserializer$ClassKey::hashCode (8 bytes)
Event: 0.639 Thread 0x000001a431e8a000 nmethod 1215 0x000001a41bd82e10 code [0x000001a41bd82fc0, 0x000001a41bd830e8]
Event: 0.639 Thread 0x000001a431e8a000 1216       1       kotlin.reflect.jvm.internal.impl.load.java.lazy.JavaResolverComponents::getStorageManager (5 bytes)
Event: 0.639 Thread 0x000001a431e8a000 nmethod 1216 0x000001a4230da510 code [0x000001a4230da6c0, 0x000001a4230da778]
Event: 0.640 Thread 0x000001a431e8a000 1217       3       kotlin.reflect.jvm.internal.impl.types.error.ErrorUtils::isError (46 bytes)
Event: 0.640 Thread 0x000001a431e8a000 nmethod 1217 0x000001a41bd83190 code [0x000001a41bd83380, 0x000001a41bd838e8]
Event: 0.640 Thread 0x000001a431e8a000 1218   !   3       kotlin.reflect.jvm.internal.impl.metadata.ProtoBuf$Class::<init> (2853 bytes)
Event: 0.640 Thread 0x000001a43298b000 nmethod 1214 0x000001a4230da810 code [0x000001a4230da9c0, 0x000001a4230dac58]
Event: 0.641 Thread 0x000001a4327fe800 1220       4       java.lang.ClassLoader::checkName (37 bytes)
Event: 0.644 Thread 0x000001a4327fe800 nmethod 1220 0x000001a4230dae10 code [0x000001a4230dafc0, 0x000001a4230db1f8]
Event: 0.647 Thread 0x000001a43298b000 1222       4       java.util.HashMap::putVal (300 bytes)
Event: 0.656 Thread 0x000001a4327fe800 1229       4       java.util.HashMap::put (13 bytes)
Event: 0.656 Thread 0x000001a43298b000 nmethod 1222 0x000001a4230db890 code [0x000001a4230dbaa0, 0x000001a4230dc320]

GC Heap History (2 events):
Event: 0.451 GC heap before
{Heap before GC invocations=0 (full 0):
 garbage-first heap   total 131072K, used 27648K [0x0000000081a00000, 0x0000000100000000)
  region size 1024K, 24 young (24576K), 0 survivors (0K)
 Metaspace       used 12422K, capacity 12561K, committed 12800K, reserved 1060864K
  class space    used 1135K, capacity 1182K, committed 1280K, reserved 1048576K
}
Event: 0.455 GC heap after
{Heap after GC invocations=1 (full 0):
 garbage-first heap   total 131072K, used 6257K [0x0000000081a00000, 0x0000000100000000)
  region size 1024K, 3 young (3072K), 3 survivors (3072K)
 Metaspace       used 12422K, capacity 12561K, committed 12800K, reserved 1060864K
  class space    used 1135K, capacity 1182K, committed 1280K, reserved 1048576K
}

Deoptimization events (20 events):
Event: 0.607 Thread 0x000001a417a9e000 DEOPT PACKING pc=0x000001a4230bb4dc sp=0x0000004ac17fdb70
Event: 0.607 Thread 0x000001a417a9e000 DEOPT UNPACKING pc=0x000001a41b5fa1af sp=0x0000004ac17fd990 mode 2
Event: 0.637 Thread 0x000001a417a9e000 Uncommon trap: trap_request=0xffffffc6 fr.pc=0x000001a4230c6d0c relative=0x00000000000007cc
Event: 0.637 Thread 0x000001a417a9e000 Uncommon trap: reason=bimorphic_or_optimized_type_check action=maybe_recompile pc=0x000001a4230c6d0c method=java.util.HashMap.putVal(ILjava/lang/Object;Ljava/lang/Object;ZZ)Ljava/lang/Object; @ 91 c2
Event: 0.637 Thread 0x000001a417a9e000 DEOPT PACKING pc=0x000001a4230c6d0c sp=0x0000004ac17fdf40
Event: 0.637 Thread 0x000001a417a9e000 DEOPT UNPACKING pc=0x000001a41b5fa1af sp=0x0000004ac17fded0 mode 2
Event: 0.637 Thread 0x000001a417a9e000 Uncommon trap: trap_request=0xffffffc6 fr.pc=0x000001a4230c6d0c relative=0x00000000000007cc
Event: 0.637 Thread 0x000001a417a9e000 Uncommon trap: reason=bimorphic_or_optimized_type_check action=maybe_recompile pc=0x000001a4230c6d0c method=java.util.HashMap.putVal(ILjava/lang/Object;Ljava/lang/Object;ZZ)Ljava/lang/Object; @ 91 c2
Event: 0.637 Thread 0x000001a417a9e000 DEOPT PACKING pc=0x000001a4230c6d0c sp=0x0000004ac17fdf40
Event: 0.637 Thread 0x000001a417a9e000 DEOPT UNPACKING pc=0x000001a41b5fa1af sp=0x0000004ac17fded0 mode 2
Event: 0.637 Thread 0x000001a417a9e000 Uncommon trap: trap_request=0xffffffc6 fr.pc=0x000001a4230c6d0c relative=0x00000000000007cc
Event: 0.637 Thread 0x000001a417a9e000 Uncommon trap: reason=bimorphic_or_optimized_type_check action=maybe_recompile pc=0x000001a4230c6d0c method=java.util.HashMap.putVal(ILjava/lang/Object;Ljava/lang/Object;ZZ)Ljava/lang/Object; @ 91 c2
Event: 0.637 Thread 0x000001a417a9e000 DEOPT PACKING pc=0x000001a4230c6d0c sp=0x0000004ac17fdf40
Event: 0.637 Thread 0x000001a417a9e000 DEOPT UNPACKING pc=0x000001a41b5fa1af sp=0x0000004ac17fded0 mode 2
Event: 0.637 Thread 0x000001a417a9e000 Uncommon trap: trap_request=0xffffffc6 fr.pc=0x000001a4230c6d0c relative=0x00000000000007cc
Event: 0.637 Thread 0x000001a417a9e000 Uncommon trap: reason=bimorphic_or_optimized_type_check action=maybe_recompile pc=0x000001a4230c6d0c method=java.util.HashMap.putVal(ILjava/lang/Object;Ljava/lang/Object;ZZ)Ljava/lang/Object; @ 91 c2
Event: 0.637 Thread 0x000001a417a9e000 DEOPT PACKING pc=0x000001a4230c6d0c sp=0x0000004ac17fdf40
Event: 0.637 Thread 0x000001a417a9e000 DEOPT UNPACKING pc=0x000001a41b5fa1af sp=0x0000004ac17fded0 mode 2
Event: 0.652 Thread 0x000001a417a9e000 DEOPT PACKING pc=0x000001a41bc978ff sp=0x0000004ac17fc9e0
Event: 0.652 Thread 0x000001a417a9e000 DEOPT UNPACKING pc=0x000001a41b5fa95e sp=0x0000004ac17fbe30 mode 0

Classes redefined (0 events):
No events

Internal exceptions (0 events):
No events

Events (20 events):
Event: 0.651 loading class kotlin/collections/MutableMap
Event: 0.651 loading class kotlin/collections/MutableMap done
Event: 0.651 loading class org/jetbrains/kotlin/config/AnalysisFlag
Event: 0.651 loading class org/jetbrains/kotlin/config/AnalysisFlag done
Event: 0.652 loading class kotlin/reflect/jvm/internal/impl/types/StarProjectionImpl
Event: 0.652 loading class kotlin/reflect/jvm/internal/impl/types/StarProjectionImpl done
Event: 0.652 loading class kotlin/reflect/jvm/internal/impl/types/StarProjectionImpl$_type$2
Event: 0.652 loading class kotlin/reflect/jvm/internal/impl/types/StarProjectionImpl$_type$2 done
Event: 0.653 loading class kotlin/reflect/jvm/internal/impl/resolve/calls/inference/CapturedTypeConstructorKt$createCapturedIfNeeded$1
Event: 0.653 loading class kotlin/reflect/jvm/internal/impl/resolve/calls/inference/CapturedTypeConstructorKt$createCapturedIfNeeded$1 done
Event: 0.654 loading class org/jetbrains/kotlin/config/LanguageFeature
Event: 0.654 loading class org/jetbrains/kotlin/config/LanguageFeature done
Event: 0.656 loading class kotlin/reflect/jvm/internal/impl/load/kotlin/KotlinClassFinderKt
Event: 0.656 loading class kotlin/reflect/jvm/internal/impl/load/kotlin/KotlinClassFinderKt done
Event: 0.657 loading class org/jetbrains/kotlin/config/LanguageFeature$State
Event: 0.657 loading class org/jetbrains/kotlin/config/LanguageFeature$State done
Event: 0.659 loading class org/jetbrains/kotlin/config/ApiVersion
Event: 0.659 loading class org/jetbrains/kotlin/config/ApiVersion done
Event: 0.660 loading class kotlin/reflect/jvm/internal/impl/descriptors/impl/FunctionDescriptorImpl$CopyConfiguration
Event: 0.660 loading class kotlin/reflect/jvm/internal/impl/descriptors/impl/FunctionDescriptorImpl$CopyConfiguration done


Dynamic libraries:
0x00007ff782980000 - 0x00007ff78298a000 	C:\Program Files\Android\Android Studio\jre\bin\java.exe
0x00007ff8c4250000 - 0x00007ff8c4448000 	C:\Windows\SYSTEM32\ntdll.dll
0x00007ff8c2310000 - 0x00007ff8c23cd000 	C:\Windows\System32\KERNEL32.DLL
0x00007ff8c1b20000 - 0x00007ff8c1dee000 	C:\Windows\System32\KERNELBASE.dll
0x00007ff8c2180000 - 0x00007ff8c2280000 	C:\Windows\System32\ucrtbase.dll
0x00007ff8bbe50000 - 0x00007ff8bbe69000 	C:\Program Files\Android\Android Studio\jre\bin\jli.dll
0x00007ff8b76a0000 - 0x00007ff8b76b7000 	C:\Program Files\Android\Android Studio\jre\bin\VCRUNTIME140.dll
0x00007ff8c3250000 - 0x00007ff8c33f0000 	C:\Windows\System32\USER32.dll
0x00007ff8c1fa0000 - 0x00007ff8c1fc2000 	C:\Windows\System32\win32u.dll
0x00007ff8c2480000 - 0x00007ff8c24aa000 	C:\Windows\System32\GDI32.dll
0x00007ff8a5fa0000 - 0x00007ff8a623a000 	C:\Windows\WinSxS\amd64_microsoft.windows.common-controls_6595b64144ccf1df_6.0.19041.1110_none_60b5254171f9507e\COMCTL32.dll
0x00007ff8c1e90000 - 0x00007ff8c1f9b000 	C:\Windows\System32\gdi32full.dll
0x00007ff8c3da0000 - 0x00007ff8c3e3e000 	C:\Windows\System32\msvcrt.dll
0x00007ff8c1df0000 - 0x00007ff8c1e8d000 	C:\Windows\System32\msvcp_win.dll
0x00007ff8c3e40000 - 0x00007ff8c3e70000 	C:\Windows\System32\IMM32.DLL
0x00007ff89eec0000 - 0x00007ff89ef5d000 	C:\Program Files\Android\Android Studio\jre\bin\msvcp140.dll
0x00007ff875050000 - 0x00007ff875b35000 	C:\Program Files\Android\Android Studio\jre\bin\server\jvm.dll
0x00007ff8c3450000 - 0x00007ff8c34fe000 	C:\Windows\System32\ADVAPI32.dll
0x00007ff8c3560000 - 0x00007ff8c35fc000 	C:\Windows\System32\sechost.dll
0x00007ff8c3c70000 - 0x00007ff8c3d95000 	C:\Windows\System32\RPCRT4.dll
0x00007ff8c2f60000 - 0x00007ff8c2f68000 	C:\Windows\System32\PSAPI.DLL
0x00007ff8a4710000 - 0x00007ff8a4719000 	C:\Windows\SYSTEM32\WSOCK32.dll
0x00007ff8a5ee0000 - 0x00007ff8a5f07000 	C:\Windows\SYSTEM32\WINMM.dll
0x00007ff8c2f70000 - 0x00007ff8c2fdb000 	C:\Windows\System32\WS2_32.dll
0x00007ff8bbc90000 - 0x00007ff8bbc9a000 	C:\Windows\SYSTEM32\VERSION.dll
0x00007ff8bf840000 - 0x00007ff8bf852000 	C:\Windows\SYSTEM32\kernel.appcore.dll
0x00007ff8a46b0000 - 0x00007ff8a46c1000 	C:\Program Files\Android\Android Studio\jre\bin\verify.dll
0x00007ff8b6bd0000 - 0x00007ff8b6db4000 	C:\Windows\SYSTEM32\DBGHELP.DLL
0x00007ff8aa0f0000 - 0x00007ff8aa11c000 	C:\Windows\SYSTEM32\dbgcore.DLL
0x00007ff8c19e0000 - 0x00007ff8c1a62000 	C:\Windows\System32\bcryptPrimitives.dll
0x00007ff89e360000 - 0x00007ff89e389000 	C:\Program Files\Android\Android Studio\jre\bin\java.dll
0x00007ff8a4700000 - 0x00007ff8a470b000 	C:\Program Files\Android\Android Studio\jre\bin\jimage.dll
0x00007ff8a4640000 - 0x00007ff8a4658000 	C:\Program Files\Android\Android Studio\jre\bin\zip.dll
0x00007ff8c2810000 - 0x00007ff8c2f53000 	C:\Windows\System32\SHELL32.dll
0x00007ff8bfa40000 - 0x00007ff8c01d5000 	C:\Windows\SYSTEM32\windows.storage.dll
0x00007ff8c24b0000 - 0x00007ff8c2804000 	C:\Windows\System32\combase.dll
0x00007ff8c12f0000 - 0x00007ff8c1320000 	C:\Windows\SYSTEM32\Wldp.dll
0x00007ff8c4100000 - 0x00007ff8c41ad000 	C:\Windows\System32\SHCORE.dll
0x00007ff8c3500000 - 0x00007ff8c3555000 	C:\Windows\System32\shlwapi.dll
0x00007ff8c18b0000 - 0x00007ff8c18cf000 	C:\Windows\SYSTEM32\profapi.dll
0x00007ff89e2f0000 - 0x00007ff89e30a000 	C:\Program Files\Android\Android Studio\jre\bin\net.dll
0x00007ff8b9b60000 - 0x00007ff8b9c6a000 	C:\Windows\SYSTEM32\WINHTTP.dll
0x00007ff8c10d0000 - 0x00007ff8c113a000 	C:\Windows\system32\mswsock.dll
0x00007ff89a7c0000 - 0x00007ff89a7d4000 	C:\Program Files\Android\Android Studio\jre\bin\nio.dll

dbghelp: loaded successfully - version: 4.0.5 - missing functions: none
symbol engine: initialized successfully - sym options: 0x614 - pdb path: .;C:\Program Files\Android\Android Studio\jre\bin;C:\Windows\SYSTEM32;C:\Windows\WinSxS\amd64_microsoft.windows.common-controls_6595b64144ccf1df_6.0.19041.1110_none_60b5254171f9507e;C:\Program Files\Android\Android Studio\jre\bin\server

VM Arguments:
java_command: org.jetbrains.kotlin.cli.jvm.K2JVMCompiler @C:\Users\Turonbank\AndroidStudioProjects\Notes\app\build\20220904_3944945253377831705.compiler.options
java_class_path (initial): C:\Users\Turonbank\.gradle\caches\modules-2\files-2.1\org.jetbrains.kotlin\kotlin-compiler-embeddable\1.7.10\909803167c98606fcf22b4c848647c68e351d48d\kotlin-compiler-embeddable-1.7.10.jar;C:\Users\Turonbank\.gradle\caches\modules-2\files-2.1\org.jetbrains.kotlin\kotlin-reflect\1.7.10\165e600dfea6185cf5efa700756294cc4904dbeb\kotlin-reflect-1.7.10.jar;C:\Users\Turonbank\.gradle\caches\modules-2\files-2.1\org.jetbrains.kotlin\kotlin-stdlib\1.7.10\d2abf9e77736acc4450dc4a3f707fa2c10f5099d\kotlin-stdlib-1.7.10.jar;C:\Users\Turonbank\.gradle\caches\modules-2\files-2.1\org.jetbrains.kotlin\kotlin-script-runtime\1.7.10\c99c87a6988d8fd8d5142e9ed5c9f34a7cf561ee\kotlin-script-runtime-1.7.10.jar;C:\Users\Turonbank\.gradle\caches\modules-2\files-2.1\org.jetbrains.kotlin\kotlin-daemon-embeddable\1.7.10\3a9f7aef7080d3ae63126cbba4f827ed664f32fa\kotlin-daemon-embeddable-1.7.10.jar;C:\Users\Turonbank\.gradle\caches\modules-2\files-2.1\org.jetbrains.intellij.deps\trove4j\1.0.20200330\3afb14d5f9ceb459d724e907a21145e8ff394f02\trove4j-1.0.20200330.jar;C:\Users\Turonbank\.gradle\caches\modules-2\files-2.1\net.java.dev.jna\jna\5.6.0\330f2244e9030119ab3030fc3fededc86713d9cc\jna-5.6.0.jar;C:\Users\Turonbank\.gradle\caches\modules-2\files-2.1\org.jetbrains.kotlin\kotlin-stdlib-common\1.7.10\bac80c520d0a9e3f3673bc2658c6ed02ef45a76a\kotlin-stdlib-common-1.7.10.jar;C:\Users\Turonbank\.gradle\caches\modules-2\files-2.1\org.jetbrains\annotations\13.0\919f0dfe192fb4e063e7dacadee7f8bb9a2672a9\annotations-13.0.jar
Launcher Type: SUN_STANDARD

[Global flags]
     intx CICompilerCount                          = 4                                         {product} {ergonomic}
     uint ConcGCThreads                            = 2                                         {product} {ergonomic}
     uint G1ConcRefinementThreads                  = 8                                         {product} {ergonomic}
   size_t G1HeapRegionSize                         = 1048576                                   {product} {ergonomic}
    uintx GCDrainStackTargetSize                   = 64                                        {product} {ergonomic}
   size_t InitialHeapSize                          = 134217728                                 {product} {ergonomic}
   size_t MarkStackSize                            = 4194304                                   {product} {ergonomic}
   size_t MaxHeapSize                              = 2120220672                                {product} {ergonomic}
   size_t MaxNewSize                               = 1271922688                                {product} {ergonomic}
   size_t MinHeapDeltaBytes                        = 1048576                                   {product} {ergonomic}
    uintx NonNMethodCodeHeapSize                   = 5836300                                {pd product} {ergonomic}
    uintx NonProfiledCodeHeapSize                  = 122910970                              {pd product} {ergonomic}
    uintx ProfiledCodeHeapSize                     = 122910970                              {pd product} {ergonomic}
    uintx ReservedCodeCacheSize                    = 251658240                              {pd product} {ergonomic}
     bool SegmentedCodeCache                       = true                                      {product} {ergonomic}
     bool UseCompressedClassPointers               = true                                 {lp64_product} {ergonomic}
     bool UseCompressedOops                        = true                                 {lp64_product} {ergonomic}
     bool UseG1GC                                  = true                                      {product} {ergonomic}
     bool UseLargePagesIndividualAllocation        = false                                  {pd product} {ergonomic}

Logging:
Log output configuration:
 #0: stdout all=warning uptime,level,tags
 #1: stderr all=off uptime,level,tags

Environment Variables:
PATH=C:\Program Files\Common Files\Oracle\Java\javapath;C:\Program Files (x86)\Common Files\Oracle\Java\javapath;C:\Windows\system32;C:\Windows;C:\Windows\System32\Wbem;C:\Windows\System32\WindowsPowerShell\v1.0\;C:\Windows\System32\OpenSSH\;C:\Users\Turonbank\AppData\Local\Microsoft\WindowsApps;C:\Users\Turonbank\AppData\Local\Programs\Git\cmd
USERNAME=Turonbank
OS=Windows_NT
PROCESSOR_IDENTIFIER=Intel64 Family 6 Model 165 Stepping 3, GenuineIntel



---------------  S Y S T E M  ---------------

OS: Windows 10 , 64 bit Build 19041 (10.0.19041.1889)
OS uptime: 0 days 4:23 hours
Hyper-V role detected

CPU:total 8 (initial active 8) (4 cores per cpu, 2 threads per core) family 6 model 165 stepping 3 microcode 0xcc, cmov, cx8, fxsr, mmx, sse, sse2, sse3, ssse3, sse4.1, sse4.2, popcnt, avx, avx2, aes, clmul, erms, 3dnowpref, lzcnt, ht, tsc, tscinvbit, bmi1, bmi2, adx, fma

Memory: 4k page, system-wide physical 8085M (535M free)
TotalPageFile size 10133M (AvailPageFile size 4M)
current process WorkingSet (physical memory assigned to process): 97M, peak: 97M
current process commit charge ("private bytes"): 233M, peak: 233M

vm_info: OpenJDK 64-Bit Server VM (11.0.12+7-b1504.28-7817840) for windows-amd64 JRE (11.0.12+7-b1504.28-7817840), built on Oct 13 2021 22:12:33 by "builder" with MS VC++ 14.0 (VS2015)

END.
